\BOOKMARK [1][]{Outline1}{\376\377\000\123\000\154\000\151\000\144\000\145\000\163\000\040\000\124\000\157\000\157\000\154\000\163}{}% 1
\BOOKMARK [2][]{Outline1.1}{\376\377\000\124\000\157\000\157\000\154\000\163\000\040\000\114\000\151\000\153\000\145\000\040\000\120\000\157\000\167\000\145\000\162\000\160\000\157\000\151\000\156\000\164}{Outline1}% 2
\BOOKMARK [2][]{Outline1.2}{\376\377\000\124\000\145\000\130\000\124\000\157\000\157\000\154\000\163}{Outline1}% 3
\BOOKMARK [1][]{Outline2}{\376\377\000\107\000\165\000\151\000\144\000\145\000\154\000\151\000\156\000\145\000\163\000\040\000\157\000\156\000\040\000\115\000\141\000\153\000\151\000\156\000\147\000\040\000\123\000\154\000\151\000\144\000\145\000\163}{}% 4
\BOOKMARK [2][]{Outline2.3}{\376\377\000\107\000\165\000\151\000\144\000\145\000\154\000\151\000\156\000\145\000\163\000\040\000\157\000\156\000\040\000\127\000\150\000\141\000\164\000\040\000\164\000\157\000\040\000\120\000\165\000\164\000\040\000\157\000\156\000\040\000\141\000\040\000\106\000\162\000\141\000\155\000\145}{Outline2}% 5
\BOOKMARK [2][]{Outline2.4}{\376\377\000\107\000\165\000\151\000\144\000\145\000\154\000\151\000\156\000\145\000\163\000\040\000\157\000\156\000\040\000\124\000\151\000\164\000\154\000\145\000\163}{Outline2}% 6
\BOOKMARK [2][]{Outline2.5}{\376\377\000\107\000\165\000\151\000\144\000\145\000\154\000\151\000\156\000\145\000\163\000\040\000\157\000\156\000\040\000\164\000\150\000\145\000\040\000\102\000\157\000\144\000\171\000\040\000\124\000\145\000\170\000\164}{Outline2}% 7
\BOOKMARK [2][]{Outline2.6}{\376\377\000\107\000\165\000\151\000\144\000\145\000\154\000\151\000\156\000\145\000\163\000\040\000\157\000\156\000\040\000\107\000\162\000\141\000\160\000\150\000\151\000\143\000\163}{Outline2}% 8
\BOOKMARK [2][]{Outline2.7}{\376\377\000\107\000\165\000\151\000\144\000\145\000\154\000\151\000\156\000\145\000\163\000\040\000\157\000\156\000\040\000\103\000\157\000\154\000\157\000\162\000\163}{Outline2}% 9
\BOOKMARK [2][]{Outline2.8}{\376\377\000\107\000\165\000\151\000\144\000\145\000\154\000\151\000\156\000\145\000\163\000\040\000\157\000\156\000\040\000\101\000\156\000\151\000\155\000\141\000\164\000\151\000\157\000\156\000\163\000\040\000\141\000\156\000\144\000\040\000\123\000\160\000\145\000\143\000\151\000\141\000\154\000\040\000\105\000\146\000\146\000\145\000\143\000\164\000\163}{Outline2}% 10
\BOOKMARK [1][]{Outline3}{\376\377\000\115\000\141\000\153\000\145\000\040\000\123\000\154\000\151\000\144\000\145\000\163\000\040\000\125\000\163\000\151\000\156\000\147\000\040\000\102\000\145\000\141\000\155\000\145\000\162\000\040\000\103\000\154\000\141\000\163\000\163}{}% 11
\BOOKMARK [2][]{Outline3.9}{\376\377\000\124\000\150\000\145\000\040\000\106\000\145\000\141\000\164\000\165\000\162\000\145\000\163\000\040\000\157\000\146\000\040\000\102\000\145\000\141\000\155\000\145\000\162}{Outline3}% 12
\BOOKMARK [2][]{Outline3.10}{\376\377\000\111\000\156\000\163\000\164\000\141\000\154\000\154\000\141\000\164\000\151\000\157\000\156}{Outline3}% 13
\BOOKMARK [2][]{Outline3.11}{\376\377\000\127\000\157\000\162\000\153\000\146\000\154\000\157\000\167}{Outline3}% 14
\BOOKMARK [1][]{Outline4}{\376\377\000\123\000\164\000\145\000\160\000\040\000\142\000\171\000\040\000\123\000\164\000\145\000\160}{}% 15
\BOOKMARK [2][]{Outline4.12}{\376\377\000\106\000\162\000\141\000\155\000\145\000\163\000\040\000\141\000\156\000\144\000\040\000\117\000\166\000\145\000\162\000\154\000\141\000\171\000\163}{Outline4}% 16
\BOOKMARK [3][]{Outline4.12.1.48}{\376\377\000\117\000\166\000\145\000\162\000\154\000\141\000\171\000\163}{Outline4.12}% 17
\BOOKMARK [3][]{Outline4.12.2.59}{\376\377\000\106\000\162\000\141\000\155\000\145\000\163}{Outline4.12}% 18
\BOOKMARK [2][]{Outline4.13}{\376\377\000\103\000\157\000\154\000\157\000\162\000\040\000\115\000\141\000\156\000\141\000\147\000\145\000\155\000\145\000\156\000\164}{Outline4}% 19
\BOOKMARK [2][]{Outline4.14}{\376\377\000\107\000\162\000\141\000\160\000\150\000\151\000\143\000\163\000\054\000\040\000\101\000\156\000\151\000\155\000\141\000\164\000\151\000\157\000\156\000\163\000\054\000\040\000\163\000\157\000\165\000\156\000\144\000\163\000\054\000\040\000\141\000\156\000\144\000\040\000\123\000\154\000\151\000\144\000\145\000\040\000\124\000\162\000\141\000\156\000\163\000\151\000\164\000\151\000\157\000\156\000\163\000\040}{Outline4}% 20
\BOOKMARK [2][]{Outline4.15}{\376\377\000\103\000\165\000\163\000\164\000\157\000\155\000\151\000\172\000\141\000\164\000\151\000\157\000\156}{Outline4}% 21
\BOOKMARK [1][]{Outline5}{\376\377\000\101\000\160\000\160\000\145\000\156\000\144\000\151\000\170}{}% 22
\BOOKMARK [2][]{Outline5.17}{\376\377\000\124\000\151\000\160\000\163\000\040\000\141\000\156\000\144\000\040\000\050\000\104\000\151\000\162\000\164\000\171\000\051\000\040\000\124\000\162\000\151\000\143\000\153\000\163}{Outline5}% 23
